2026-01-20 13:29:51.548265, Sunrisers Hyderabad vs Rajasthan Royals, Toss: Mumbai Indians (bat), Venue: Wankhede Stadium, Winner: Sunrisers Hyderabad, Confidence: 0.213
2026-01-20 13:37:06.082245, Mumbai Indians vs Sunrisers Hyderabad, Toss: Mumbai Indians (bat), Venue: Wankhede Stadium, Winner: Mumbai Indians, Confidence: 0.215
2026-01-20 14:10:31.548526, Chennai Super Kings vs Mumbai Indians, Toss: Chennai Super Kings (bat), Venue: Wankhede Stadium, Winner: Chennai Super Kings, Confidence: 0.249
2026-01-20 14:10:43.498650, Royal Challengers Bangalore vs Mumbai Indians, Toss: Royal Challengers Bangalore (bat), Venue: Wankhede Stadium, Winner: Mumbai Indians, Confidence: 0.273
2026-01-20 14:10:52.465392, Delhi Capitals vs Mumbai Indians, Toss: Delhi Capitals (bat), Venue: Wankhede Stadium, Winner: Mumbai Indians, Confidence: 0.193
2026-01-20 14:18:19.702469, Chennai Super Kings vs Mumbai Indians, Toss: Chennai Super Kings (bat), Venue: Wankhede Stadium, Winner: Chennai Super Kings, Confidence: 0.249
2026-01-20 14:23:36.282194, Chennai Super Kings vs Mumbai Indians, Toss: Chennai Super Kings (bat), Venue: Narendra Modi Stadium, Ahmedabad, Winner: Chennai Super Kings, Confidence: 0.258
2026-01-20 14:23:53.217030, Chennai Super Kings vs Mumbai Indians, Toss: Chennai Super Kings (bat), Venue: Wankhede Stadium, Mumbai, Winner: Chennai Super Kings, Confidence: 0.248
2026-01-20 14:24:24.842499, Chennai Super Kings vs Mumbai Indians, Toss: Chennai Super Kings (bat), Venue: M Chinnaswamy Stadium, Bengaluru, Winner: Chennai Super Kings, Confidence: 0.258
2026-01-20 14:24:46.119196, Chennai Super Kings vs Mumbai Indians, Toss: Chennai Super Kings (bat), Venue: Eden Gardens, Kolkata, Winner: Chennai Super Kings, Confidence: 0.257
2026-01-20 14:28:00.354412, Chennai Super Kings vs Mumbai Indians, Toss: Chennai Super Kings (bat), Venue: Wankhede Stadium, Mumbai, Winner: Chennai Super Kings, Confidence: 0.248
2026-01-20 14:28:17.493696, Chennai Super Kings vs Mumbai Indians, Toss: Chennai Super Kings (bat), Venue: Narendra Modi Stadium, Ahmedabad, Winner: Chennai Super Kings, Confidence: 0.258
2026-01-20 14:40:06.529983, Chennai Super Kings vs Mumbai Indians, Toss: Chennai Super Kings (bat), Venue: Wankhede Stadium, Mumbai, Winner: Chennai Super Kings, Confidence: 0.248
2026-01-20 14:52:06.803144, Chennai Super Kings vs Mumbai Indians, Toss: Chennai Super Kings (bat), Venue: MA Chidambaram Stadium, Winner: Chennai Super Kings, Confidence: 0.259
2026-01-20 14:52:12.915824, Chennai Super Kings vs Mumbai Indians, Toss: Chennai Super Kings (bat), Venue: Narendra Modi Stadium, Ahmedabad, Winner: Chennai Super Kings, Confidence: 0.258
2026-01-20 14:52:19.409904, Chennai Super Kings vs Mumbai Indians, Toss: Chennai Super Kings (bat), Venue: Wankhede Stadium, Winner: Chennai Super Kings, Confidence: 0.249
2026-01-20 14:52:25.911475, Chennai Super Kings vs Mumbai Indians, Toss: Chennai Super Kings (bat), Venue: Punjab Cricket Association IS Bindra Stadium, Winner: Chennai Super Kings, Confidence: 0.257
2026-01-20 14:52:34.901555, Chennai Super Kings vs Mumbai Indians, Toss: Chennai Super Kings (bat), Venue: Narendra Modi Stadium, Ahmedabad, Winner: Chennai Super Kings, Confidence: 0.258
2026-01-20 14:52:49.952389, Chennai Super Kings vs Mumbai Indians, Toss: Chennai Super Kings (bat), Venue: Wankhede Stadium, Winner: Chennai Super Kings, Confidence: 0.249
2026-01-20 14:52:54.215643, Chennai Super Kings vs Mumbai Indians, Toss: Chennai Super Kings (bat), Venue: Eden Gardens, Winner: Chennai Super Kings, Confidence: 0.256
2026-01-20 14:53:48.569896, Sunrisers Hyderabad vs Mumbai Indians, Toss: Sunrisers Hyderabad (bat), Venue: Rajiv Gandhi International Stadium, Winner: Sunrisers Hyderabad, Confidence: 0.203
2026-01-20 14:54:11.442997, Sunrisers Hyderabad vs Mumbai Indians, Toss: Mumbai Indians (bat), Venue: Wankhede Stadium, Winner: Mumbai Indians, Confidence: 0.265
2026-01-20 14:54:17.874170, Sunrisers Hyderabad vs Mumbai Indians, Toss: Sunrisers Hyderabad (bat), Venue: Wankhede Stadium, Winner: Mumbai Indians, Confidence: 0.228
2026-01-20 14:57:28.831055, Kolkata Knight Riders vs Mumbai Indians, Toss: Kolkata Knight Riders (bat), Venue: Eden Gardens, Winner: Mumbai Indians, Confidence: 0.160
2026-01-20 14:57:40.384784, Kolkata Knight Riders vs Gujarat Titans, Toss: Kolkata Knight Riders (bat), Venue: Eden Gardens, Winner: Kolkata Knight Riders, Confidence: 0.112
2026-01-20 14:57:45.013095, Kolkata Knight Riders vs Punjab Kings, Toss: Kolkata Knight Riders (bat), Venue: Eden Gardens, Winner: Kolkata Knight Riders, Confidence: 0.145
2026-01-20 14:57:49.897241, Kolkata Knight Riders vs Sunrisers Hyderabad, Toss: Kolkata Knight Riders (bat), Venue: Eden Gardens, Winner: Sunrisers Hyderabad, Confidence: 0.179
2026-01-20 14:59:16.609212, Kolkata Knight Riders vs Sunrisers Hyderabad, Toss: Kolkata Knight Riders (bat), Venue: Rajiv Gandhi International Stadium, Winner: Sunrisers Hyderabad, Confidence: 0.137
2026-01-20 14:59:38.463646, Sunrisers Hyderabad vs Chennai Super Kings, Toss: Sunrisers Hyderabad (bat), Venue: Rajiv Gandhi International Stadium, Winner: Chennai Super Kings, Confidence: 0.070
2026-01-20 14:59:52.419412, Sunrisers Hyderabad vs Kolkata Knight Riders, Toss: Sunrisers Hyderabad (bat), Venue: Rajiv Gandhi International Stadium, Winner: Sunrisers Hyderabad, Confidence: 0.147
2026-01-20 21:48:41.001459, Chennai Super Kings vs Mumbai Indians, Toss: Chennai Super Kings (bat), Venue: Wankhede Stadium, Winner: Chennai Super Kings, Confidence: 0.249
2026-01-21 11:03:08.834185, Chennai Super Kings vs Mumbai Indians, Toss: Chennai Super Kings (bat), Venue: MA Chidambaram Stadium, Winner: Chennai Super Kings, Confidence: 0.259
2026-01-23 19:15:54.639720, Chennai Super Kings vs Mumbai Indians, Toss: Chennai Super Kings (bat), Venue: Wankhede Stadium, Winner: Chennai Super Kings, Confidence: 0.249
2026-01-23 19:16:06.969172, Chennai Super Kings vs Mumbai Indians, Toss: Chennai Super Kings (bat), Venue: MA Chidambaram Stadium, Winner: Chennai Super Kings, Confidence: 0.259
2026-01-23 19:16:14.772481, Chennai Super Kings vs Mumbai Indians, Toss: Chennai Super Kings (bat), Venue: Wankhede Stadium, Winner: Chennai Super Kings, Confidence: 0.249
2026-01-23 19:16:28.136862, Chennai Super Kings vs Delhi Capitals, Toss: Chennai Super Kings (bat), Venue: Wankhede Stadium, Winner: Chennai Super Kings, Confidence: 0.410
2026-01-23 19:16:33.528521, Chennai Super Kings vs Delhi Capitals, Toss: Chennai Super Kings (bat), Venue: MA Chidambaram Stadium, Winner: Chennai Super Kings, Confidence: 0.393
2026-01-23 19:16:39.075408, Chennai Super Kings vs Delhi Capitals, Toss: Chennai Super Kings (bat), Venue: Wankhede Stadium, Winner: Chennai Super Kings, Confidence: 0.410
2026-01-23 20:13:51.107861, Chennai Super Kings vs Mumbai Indians, Toss: Chennai Super Kings (bat), Venue: MA Chidambaram Stadium, Winner: Chennai Super Kings, Confidence: 0.259
2026-01-23 20:15:38.293502, Chennai Super Kings vs Mumbai Indians, Toss: Chennai Super Kings (bat), Venue: MA Chidambaram Stadium, Winner: Chennai Super Kings, Confidence: 0.259
2026-01-23 20:31:01.957322, Chennai Super Kings vs Mumbai Indians, Toss: Chennai Super Kings (bat), Venue: MA Chidambaram Stadium, Chepauk, Chennai, Winner: Chennai Super Kings, Confidence: 0.259
2026-01-23 20:40:16.776036, Chennai Super Kings vs Mumbai Indians, Toss: Chennai Super Kings (bat), Venue: MA Chidambaram Stadium, Chepauk, Chennai, Winner: Chennai Super Kings, Confidence: 0.259
2026-01-23 20:40:45.462591, Sunrisers Hyderabad vs Mumbai Indians, Toss: Sunrisers Hyderabad (bat), Venue: Rajiv Gandhi International Stadium, Uppal, Hyderabad, Winner: Sunrisers Hyderabad, Confidence: 0.198
2026-01-24 11:55:41.907121, Sunrisers Hyderabad vs Mumbai Indians, Toss: Sunrisers Hyderabad (bat), Venue: Rajiv Gandhi International Stadium, Uppal, Hyderabad, Winner: Sunrisers Hyderabad, Confidence: 0.198
2026-01-24 12:25:40.308767, Chennai Super Kings vs Mumbai Indians, Toss: Chennai Super Kings (bat), Venue: MA Chidambaram Stadium, Winner: Chennai Super Kings, Confidence: 0.259
2026-01-24 12:29:45.640346, Chennai Super Kings vs Mumbai Indians, Toss: Chennai Super Kings (bat), Venue: MA Chidambaram Stadium, Winner: Chennai Super Kings, Confidence: 0.259
2026-01-24 12:42:57.319373, Chennai Super Kings vs Mumbai Indians, Toss: Mumbai Indians (bat), Venue: MA Chidambaram Stadium, Winner: Chennai Super Kings, Confidence: 0.224
2026-01-24 12:44:03.626587, Sunrisers Hyderabad vs Mumbai Indians, Toss: Mumbai Indians (bat), Venue: Rajiv Gandhi International Stadium, Uppal, Winner: Mumbai Indians, Confidence: 0.205
2026-01-24 12:44:10.814533, Sunrisers Hyderabad vs Mumbai Indians, Toss: Sunrisers Hyderabad (bat), Venue: Rajiv Gandhi International Stadium, Uppal, Winner: Sunrisers Hyderabad, Confidence: 0.201
2026-01-24 12:44:15.947103, Sunrisers Hyderabad vs Mumbai Indians, Toss: Mumbai Indians (bat), Venue: Rajiv Gandhi International Stadium, Uppal, Winner: Mumbai Indians, Confidence: 0.205
2026-01-24 12:44:30.486235, Sunrisers Hyderabad vs Mumbai Indians, Toss: Sunrisers Hyderabad (bat), Venue: Rajiv Gandhi International Stadium, Uppal, Winner: Sunrisers Hyderabad, Confidence: 0.201
2026-01-24 12:44:37.552352, Sunrisers Hyderabad vs Mumbai Indians, Toss: Mumbai Indians (bat), Venue: Rajiv Gandhi International Stadium, Uppal, Winner: Mumbai Indians, Confidence: 0.205
2026-01-24 12:44:47.759143, Mumbai Indians vs Sunrisers Hyderabad, Toss: Mumbai Indians (bat), Venue: Rajiv Gandhi International Stadium, Uppal, Winner: Sunrisers Hyderabad, Confidence: 0.193
2026-01-24 12:44:53.360346, Mumbai Indians vs Sunrisers Hyderabad, Toss: Sunrisers Hyderabad (bat), Venue: Rajiv Gandhi International Stadium, Uppal, Winner: Sunrisers Hyderabad, Confidence: 0.241
2026-01-24 12:45:01.000771, Mumbai Indians vs Sunrisers Hyderabad, Toss: Sunrisers Hyderabad (bat), Venue: Wankhede Stadium, Winner: Sunrisers Hyderabad, Confidence: 0.207
2026-01-24 12:45:05.764222, Mumbai Indians vs Sunrisers Hyderabad, Toss: Mumbai Indians (bat), Venue: Wankhede Stadium, Winner: Mumbai Indians, Confidence: 0.215
2026-01-25 13:13:37.392429, Kolkata Knight Riders vs Lucknow Super Giants, Toss: Kolkata Knight Riders (bat), Venue: Eden Gardens, Winner: Kolkata Knight Riders, Confidence: 0.139
2026-01-27 13:49:36.372678, Chennai Super Kings vs Mumbai Indians, Toss: Mumbai Indians (bat), Venue: MA Chidambaram Stadium, Winner: Chennai Super Kings, Confidence: 0.224
2026-02-02 10:10:46.765186, Chennai Super Kings vs Mumbai Indians, Toss: Mumbai Indians (field), Venue: Wankhede Stadium, Winner: Chennai Super Kings, Confidence: 0.201
2026-02-02 10:10:46.767207, Chennai Super Kings vs Mumbai Indians, Toss: Mumbai Indians (field), Venue: Wankhede Stadium, Winner: Chennai Super Kings, Confidence: 0.201
2026-02-02 10:11:19.078052, Sunrisers Hyderabad vs Mumbai Indians, Toss: Mumbai Indians (field), Venue: Wankhede Stadium, Winner: Mumbai Indians, Confidence: 0.213
